<?xml version="1.0" encoding="UTF-8"?>
<testng-results skipped="0" failed="0" total="2" passed="2">
  <reporter-output>
  </reporter-output>
  <suite name="Test-class Suite" duration-ms="10345" started-at="2019-12-19T05:20:59Z" finished-at="2019-12-19T05:21:09Z">
    <groups>
    </groups>
    <test name="Test-class test" duration-ms="10345" started-at="2019-12-19T05:20:59Z" finished-at="2019-12-19T05:21:09Z">
      <class name="test.TestCases">
        <test-method status="PASS" signature="testcase1()[pri:0, instance:test.TestCases@43a25848]" name="testcase1" duration-ms="10331" started-at="2019-12-19T05:20:59Z" finished-at="2019-12-19T05:21:09Z">
          <reporter-output>
          </reporter-output>
        </test-method> <!-- testcase1 -->
        <test-method status="PASS" signature="testcase2()[pri:0, instance:test.TestCases@43a25848]" name="testcase2" duration-ms="9784" started-at="2019-12-19T05:20:59Z" finished-at="2019-12-19T05:21:09Z">
          <reporter-output>
          </reporter-output>
        </test-method> <!-- testcase2 -->
      </class> <!-- test.TestCases -->
    </test> <!-- Test-class test -->
  </suite> <!-- Test-class Suite -->
</testng-results>
