-------------------------------------------------------------------------------
Test set: TestSuite
-------------------------------------------------------------------------------
Tests run: 2, Failures: 1, Errors: 0, Skipped: 0, Time elapsed: 5.788 s <<< FAILURE! - in TestSuite
testcase2(test.TestCases)  Time elapsed: 5.411 s  <<< FAILURE!
java.lang.AssertionError: expected [true] but found [false]
	at test.TestCases.testcase2(TestCases.java:49)

